<?xml version="1.0" encoding="UTF-8"?>
<!-- Generated by org.testng.reporters.JUnitReportReporter -->
<testsuite hostname="YASH" failures="0" tests="1" name="DltTest.CompareImages" time="11.841" errors="0" timestamp="2024-08-08T16:32:12 IST" skipped="0">
  <testcase classname="DltTest.CompareImages" name="compareImages" time="11.841"/>
</testsuite> <!-- DltTest.CompareImages -->
