<?xml version="1.0" encoding="UTF-8"?>
<!-- Generated by org.testng.reporters.JUnitReportReporter -->
<testsuite hostname="YASH" failures="0" tests="1" name="DltTest.CaptureLogoImage" time="15.619" errors="0" timestamp="2024-08-08T15:57:01 IST" skipped="0">
  <testcase classname="DltTest.CaptureLogoImage" name="captureLogo" time="15.619"/>
</testsuite> <!-- DltTest.CaptureLogoImage -->
