<?xml version="1.0" encoding="UTF-8"?>
<!-- Generated by org.testng.reporters.JUnitReportReporter -->
<testsuite hostname="YASH" failures="0" tests="1" name="DltTest.SchoolApp" time="17.463" errors="0" timestamp="2024-08-08T13:09:13 IST" skipped="0">
  <testcase classname="DltTest.SchoolApp" name="loginTest" time="17.463"/>
</testsuite> <!-- DltTest.SchoolApp -->
